[ 2016-04-02T11:22:44+08:00 ] 124.202.246.198 /Fenxiao/User/index
INFO: [ app_init ] --START--
INFO: Run Behavior\BuildLiteBehavior [ RunTime:0.000014s ]
INFO: [ app_init ] --END-- [ RunTime:0.000855s ]
INFO: [ app_begin ] --START--
INFO: Run Behavior\ReadHtmlCacheBehavior [ RunTime:0.000862s ]
INFO: [ app_begin ] --END-- [ RunTime:0.000958s ]
SQL: SHOW COLUMNS FROM `jfsd_user` [ RunTime:0.0807s ]
SQL: SELECT * FROM `jfsd_user` WHERE `user_id` = 1 LIMIT 1   [ RunTime:0.0154s ]
INFO: [ view_parse ] --START--
INFO: [ template_filter ] --START--
INFO: Run Behavior\ContentReplaceBehavior [ RunTime:0.000170s ]
INFO: [ template_filter ] --END-- [ RunTime:0.000288s ]
INFO: Run Behavior\ParseTemplateBehavior [ RunTime:0.074022s ]
INFO: [ view_parse ] --END-- [ RunTime:0.074199s ]
INFO: [ view_filter ] --START--
INFO: Run Behavior\WriteHtmlCacheBehavior [ RunTime:0.011930s ]
INFO: [ view_filter ] --END-- [ RunTime:0.012052s ]
INFO: [ app_end ] --START--
INFO: Run Behavior\ShowPageTraceBehavior [ RunTime:0.011837s ]
INFO: [ app_end ] --END-- [ RunTime:0.012001s ]

