[ 2016-03-30T13:33:01+08:00 ] 124.202.246.198 /index.php?m=Admin&c=Index&a=deleteCache
INFO: [ app_init ] --START--
INFO: Run Behavior\BuildLiteBehavior [ RunTime:0.000013s ]
INFO: [ app_init ] --END-- [ RunTime:0.000371s ]
INFO: [ app_begin ] --START--
INFO: Run Behavior\ReadHtmlCacheBehavior [ RunTime:0.001092s ]
INFO: [ app_begin ] --END-- [ RunTime:0.001150s ]
SQL: SHOW COLUMNS FROM `jfsd_auth_rule` [ RunTime:0.0065s ]
SQL: SELECT `id`,`pid`,`name`,`title`,`type`,`hide`,`status`,`condition`,`sort` FROM `jfsd_auth_rule` WHERE `status` = 1 ORDER BY sort desc, id asc  [ RunTime:0.0016s ]
INFO: [ view_parse ] --START--
INFO: [ template_filter ] --START--
INFO: Run Behavior\ContentReplaceBehavior [ RunTime:0.000108s ]
INFO: [ template_filter ] --END-- [ RunTime:0.000178s ]
INFO: Run Behavior\ParseTemplateBehavior [ RunTime:0.009778s ]
INFO: [ view_parse ] --END-- [ RunTime:0.009884s ]
INFO: [ view_filter ] --START--
INFO: Run Behavior\WriteHtmlCacheBehavior [ RunTime:0.000908s ]
INFO: [ view_filter ] --END-- [ RunTime:0.000988s ]
INFO: [ app_end ] --START--
INFO: Run Behavior\ShowPageTraceBehavior [ RunTime:0.000757s ]
INFO: [ app_end ] --END-- [ RunTime:0.000838s ]

[ 2016-03-30T13:33:04+08:00 ] 124.202.246.198 /index.php?m=Admin&c=FxUser&a=edit&user_id=1
INFO: [ app_init ] --START--
INFO: Run Behavior\BuildLiteBehavior [ RunTime:0.000029s ]
INFO: [ app_init ] --END-- [ RunTime:0.000709s ]
INFO: [ app_begin ] --START--
INFO: Run Behavior\ReadHtmlCacheBehavior [ RunTime:0.000979s ]
INFO: [ app_begin ] --END-- [ RunTime:0.001077s ]
SQL: SHOW COLUMNS FROM `jfsd_config` [ RunTime:0.0043s ]
SQL: SELECT `type`,`name`,`value` FROM `jfsd_config` WHERE `status` = 1  [ RunTime:0.0004s ]
SQL: SHOW COLUMNS FROM `jfsd_auth_rule` [ RunTime:0.0029s ]
SQL: SELECT `id`,`pid`,`name`,`title`,`type`,`hide`,`status`,`condition`,`sort` FROM `jfsd_auth_rule` WHERE `status` = 1 ORDER BY sort desc, id asc  [ RunTime:0.0009s ]
SQL: SHOW COLUMNS FROM `jfsd_user` [ RunTime:0.0032s ]
SQL: SELECT * FROM `jfsd_user` WHERE `user_id` = 1 LIMIT 1   [ RunTime:0.0003s ]
INFO: [ view_parse ] --START--
INFO: [ template_filter ] --START--
INFO: Run Behavior\ContentReplaceBehavior [ RunTime:0.000116s ]
INFO: [ template_filter ] --END-- [ RunTime:0.000192s ]
SQL: SHOW COLUMNS FROM `jfsd_fx_group` [ RunTime:0.0032s ]
SQL: SELECT * FROM `jfsd_fx_group`  [ RunTime:0.0003s ]
INFO: Run Behavior\ParseTemplateBehavior [ RunTime:0.017766s ]
INFO: [ view_parse ] --END-- [ RunTime:0.017874s ]
INFO: [ view_filter ] --START--
INFO: Run Behavior\WriteHtmlCacheBehavior [ RunTime:0.000321s ]
INFO: [ view_filter ] --END-- [ RunTime:0.000389s ]
INFO: [ app_end ] --START--
INFO: Run Behavior\ShowPageTraceBehavior [ RunTime:0.000530s ]
INFO: [ app_end ] --END-- [ RunTime:0.000591s ]

[ 2016-03-30T13:56:14+08:00 ] 124.202.246.198 /index.php?m=Admin&c=FxUser&a=edit&user_id=1
INFO: [ app_init ] --START--
INFO: Run Behavior\BuildLiteBehavior [ RunTime:0.000013s ]
INFO: [ app_init ] --END-- [ RunTime:0.000434s ]
INFO: [ app_begin ] --START--
INFO: Run Behavior\ReadHtmlCacheBehavior [ RunTime:0.000954s ]
INFO: [ app_begin ] --END-- [ RunTime:0.001009s ]
SQL: SHOW COLUMNS FROM `jfsd_auth_rule` [ RunTime:0.0065s ]
SQL: SELECT `id`,`pid`,`name`,`title`,`type`,`hide`,`status`,`condition`,`sort` FROM `jfsd_auth_rule` WHERE `status` = 1 ORDER BY sort desc, id asc  [ RunTime:0.0015s ]
SQL: SHOW COLUMNS FROM `jfsd_user` [ RunTime:0.0060s ]
SQL: SELECT * FROM `jfsd_user` WHERE `user_id` = 1 LIMIT 1   [ RunTime:0.0008s ]
INFO: [ view_parse ] --START--
INFO: [ template_filter ] --START--
INFO: Run Behavior\ContentReplaceBehavior [ RunTime:0.000216s ]
INFO: [ template_filter ] --END-- [ RunTime:0.000338s ]
INFO: Run Behavior\ParseTemplateBehavior [ RunTime:0.026738s ]
INFO: [ view_parse ] --END-- [ RunTime:0.026846s ]
INFO: [ view_filter ] --START--
INFO: Run Behavior\WriteHtmlCacheBehavior [ RunTime:0.000771s ]
INFO: [ view_filter ] --END-- [ RunTime:0.000862s ]
INFO: [ app_end ] --START--
INFO: Run Behavior\ShowPageTraceBehavior [ RunTime:0.001123s ]
INFO: [ app_end ] --END-- [ RunTime:0.001196s ]

[ 2016-03-30T14:11:02+08:00 ] 124.202.246.198 /index.php?m=Admin&c=FxUser&a=index
INFO: [ app_init ] --START--
INFO: Run Behavior\BuildLiteBehavior [ RunTime:0.000029s ]
INFO: [ app_init ] --END-- [ RunTime:0.000464s ]
INFO: [ app_begin ] --START--
INFO: Run Behavior\ReadHtmlCacheBehavior [ RunTime:0.000858s ]
INFO: [ app_begin ] --END-- [ RunTime:0.000951s ]
SQL: SHOW COLUMNS FROM `jfsd_auth_rule` [ RunTime:0.0041s ]
SQL: SELECT `id`,`pid`,`name`,`title`,`type`,`hide`,`status`,`condition`,`sort` FROM `jfsd_auth_rule` WHERE `status` = 1 ORDER BY sort desc, id asc  [ RunTime:0.0007s ]
SQL: SHOW COLUMNS FROM `jfsd_user` [ RunTime:0.0029s ]
SQL: SHOW COLUMNS FROM `jfsd_user` [ RunTime:0.0043s ]
SQL: SELECT COUNT(*) AS tp_count FROM `jfsd_user` WHERE `status` = 1 LIMIT 1   [ RunTime:0.0012s ]
SQL: SELECT `user_id`,`openid`,`user_name`,`user_group`,`shop_group`,`fx_sup`,`fx_group`,`fx_inter_lj`,`fx_inter_yy`,`fx_inter`,`fx_money`,`fx_count`,`fx_hb_yl_s`,`fx_hb_wl_s`,`fx_hb_zxf_lj`,`fx_hb_ylqxf_lj`,`fx_hb_wlqxf_lj`,`sex`,`user_avatar`,`mobile`,`wechat_number`,`main_business`,`signature`,`area`,`create_time`,`update_time`,`status`,`fund`,`integral`,`is_subscribe`,`sort`,`user_auth`,`shop_auth` FROM `jfsd_user` WHERE `status` = 1 ORDER BY update_time desc LIMIT 0,15   [ RunTime:0.0021s ]
INFO: [ view_parse ] --START--
INFO: [ template_filter ] --START--
INFO: Run Behavior\ContentReplaceBehavior [ RunTime:0.000085s ]
INFO: [ template_filter ] --END-- [ RunTime:0.000140s ]
NOTIC: [8] Undefined index: fx_group E:\phpStudy\WWW\yuyingbo\paimai\Application\Runtime\Cache\Admin\ff2b25dd908d55e3702aa9430564bda4.php 第 61 行.
NOTIC: [8] Undefined index: fx_group E:\phpStudy\WWW\yuyingbo\paimai\Application\Runtime\Cache\Admin\ff2b25dd908d55e3702aa9430564bda4.php 第 61 行.
NOTIC: [8] Undefined index: fx_group E:\phpStudy\WWW\yuyingbo\paimai\Application\Runtime\Cache\Admin\ff2b25dd908d55e3702aa9430564bda4.php 第 61 行.
NOTIC: [8] Undefined index: fx_group E:\phpStudy\WWW\yuyingbo\paimai\Application\Runtime\Cache\Admin\ff2b25dd908d55e3702aa9430564bda4.php 第 61 行.
NOTIC: [8] Undefined index: fx_group E:\phpStudy\WWW\yuyingbo\paimai\Application\Runtime\Cache\Admin\ff2b25dd908d55e3702aa9430564bda4.php 第 61 行.
NOTIC: [8] Undefined index: fx_group E:\phpStudy\WWW\yuyingbo\paimai\Application\Runtime\Cache\Admin\ff2b25dd908d55e3702aa9430564bda4.php 第 61 行.
NOTIC: [8] Undefined index: fx_group E:\phpStudy\WWW\yuyingbo\paimai\Application\Runtime\Cache\Admin\ff2b25dd908d55e3702aa9430564bda4.php 第 61 行.
NOTIC: [8] Undefined index: fx_group E:\phpStudy\WWW\yuyingbo\paimai\Application\Runtime\Cache\Admin\ff2b25dd908d55e3702aa9430564bda4.php 第 61 行.
INFO: Run Behavior\ParseTemplateBehavior [ RunTime:0.021824s ]
INFO: [ view_parse ] --END-- [ RunTime:0.021883s ]
INFO: [ view_filter ] --START--
INFO: Run Behavior\WriteHtmlCacheBehavior [ RunTime:0.000840s ]
INFO: [ view_filter ] --END-- [ RunTime:0.000885s ]
INFO: [ app_end ] --START--
INFO: Run Behavior\ShowPageTraceBehavior [ RunTime:0.000869s ]
INFO: [ app_end ] --END-- [ RunTime:0.000987s ]

[ 2016-03-30T14:11:05+08:00 ] 124.202.246.198 /index.php?m=Admin&c=FxUser&a=edit&user_id=1
INFO: [ app_init ] --START--
INFO: Run Behavior\BuildLiteBehavior [ RunTime:0.000013s ]
INFO: [ app_init ] --END-- [ RunTime:0.000408s ]
INFO: [ app_begin ] --START--
INFO: Run Behavior\ReadHtmlCacheBehavior [ RunTime:0.000835s ]
INFO: [ app_begin ] --END-- [ RunTime:0.000887s ]
SQL: SHOW COLUMNS FROM `jfsd_auth_rule` [ RunTime:0.0030s ]
SQL: SELECT `id`,`pid`,`name`,`title`,`type`,`hide`,`status`,`condition`,`sort` FROM `jfsd_auth_rule` WHERE `status` = 1 ORDER BY sort desc, id asc  [ RunTime:0.0008s ]
SQL: SHOW COLUMNS FROM `jfsd_user` [ RunTime:0.0032s ]
SQL: SELECT * FROM `jfsd_user` WHERE `user_id` = 1 LIMIT 1   [ RunTime:0.0004s ]
INFO: [ view_parse ] --START--
INFO: [ template_filter ] --START--
INFO: Run Behavior\ContentReplaceBehavior [ RunTime:0.000120s ]
INFO: [ template_filter ] --END-- [ RunTime:0.000186s ]
INFO: Run Behavior\ParseTemplateBehavior [ RunTime:0.014647s ]
INFO: [ view_parse ] --END-- [ RunTime:0.014719s ]
INFO: [ view_filter ] --START--
INFO: Run Behavior\WriteHtmlCacheBehavior [ RunTime:0.000713s ]
INFO: [ view_filter ] --END-- [ RunTime:0.000763s ]
INFO: [ app_end ] --START--
INFO: Run Behavior\ShowPageTraceBehavior [ RunTime:0.000883s ]
INFO: [ app_end ] --END-- [ RunTime:0.000935s ]

[ 2016-03-30T14:11:10+08:00 ] 124.202.246.198 /index.php?m=Admin&c=FxUser&a=edit&user_id=1
INFO: [ app_init ] --START--
INFO: Run Behavior\BuildLiteBehavior [ RunTime:0.000013s ]
INFO: [ app_init ] --END-- [ RunTime:0.000396s ]
INFO: [ app_begin ] --START--
INFO: Run Behavior\ReadHtmlCacheBehavior [ RunTime:0.000803s ]
INFO: [ app_begin ] --END-- [ RunTime:0.000855s ]
SQL: SHOW COLUMNS FROM `jfsd_auth_rule` [ RunTime:0.0024s ]
SQL: SELECT `id`,`pid`,`name`,`title`,`type`,`hide`,`status`,`condition`,`sort` FROM `jfsd_auth_rule` WHERE `status` = 1 ORDER BY sort desc, id asc  [ RunTime:0.0006s ]
SQL: SHOW COLUMNS FROM `jfsd_user` [ RunTime:0.0028s ]
SQL: UPDATE `jfsd_user` SET `user_name`='拥抱豹哥',`fx_group`='2',`mobile`='15044858848',`wechat_number`='wwb572300808',`fx_sup`='0',`create_time`='1459318270',`update_time`='1459318270' WHERE `user_id` = 1 [ RunTime:0.1300s ]
INFO: [ view_parse ] --START--
INFO: [ template_filter ] --START--
INFO: Run Behavior\ContentReplaceBehavior [ RunTime:0.000096s ]
INFO: [ template_filter ] --END-- [ RunTime:0.000148s ]
INFO: Run Behavior\ParseTemplateBehavior [ RunTime:0.006618s ]
INFO: [ view_parse ] --END-- [ RunTime:0.006678s ]
INFO: [ view_filter ] --START--
INFO: Run Behavior\WriteHtmlCacheBehavior [ RunTime:0.000665s ]
INFO: [ view_filter ] --END-- [ RunTime:0.000709s ]
INFO: [ app_end ] --START--
INFO: Run Behavior\ShowPageTraceBehavior [ RunTime:0.000859s ]
INFO: [ app_end ] --END-- [ RunTime:0.000939s ]

[ 2016-03-30T14:11:13+08:00 ] 124.202.246.198 /index.php?m=Admin&c=FxUser&a=index
INFO: [ app_init ] --START--
INFO: Run Behavior\BuildLiteBehavior [ RunTime:0.000014s ]
INFO: [ app_init ] --END-- [ RunTime:0.000850s ]
INFO: [ app_begin ] --START--
INFO: Run Behavior\ReadHtmlCacheBehavior [ RunTime:0.000717s ]
INFO: [ app_begin ] --END-- [ RunTime:0.000801s ]
SQL: SHOW COLUMNS FROM `jfsd_auth_rule` [ RunTime:0.0027s ]
SQL: SELECT `id`,`pid`,`name`,`title`,`type`,`hide`,`status`,`condition`,`sort` FROM `jfsd_auth_rule` WHERE `status` = 1 ORDER BY sort desc, id asc  [ RunTime:0.0007s ]
SQL: SHOW COLUMNS FROM `jfsd_user` [ RunTime:0.0032s ]
SQL: SHOW COLUMNS FROM `jfsd_user` [ RunTime:0.0034s ]
SQL: SELECT COUNT(*) AS tp_count FROM `jfsd_user` WHERE `status` = 1 LIMIT 1   [ RunTime:0.0013s ]
SQL: SELECT `user_id`,`openid`,`user_name`,`user_group`,`shop_group`,`fx_sup`,`fx_group`,`fx_inter_lj`,`fx_inter_yy`,`fx_inter`,`fx_money`,`fx_count`,`fx_hb_yl_s`,`fx_hb_wl_s`,`fx_hb_zxf_lj`,`fx_hb_ylqxf_lj`,`fx_hb_wlqxf_lj`,`sex`,`user_avatar`,`mobile`,`wechat_number`,`main_business`,`signature`,`area`,`create_time`,`update_time`,`status`,`fund`,`integral`,`is_subscribe`,`sort`,`user_auth`,`shop_auth` FROM `jfsd_user` WHERE `status` = 1 ORDER BY update_time desc LIMIT 0,15   [ RunTime:0.0020s ]
INFO: [ view_parse ] --START--
INFO: [ template_filter ] --START--
INFO: Run Behavior\ContentReplaceBehavior [ RunTime:0.000083s ]
INFO: [ template_filter ] --END-- [ RunTime:0.000137s ]
SQL: SHOW COLUMNS FROM `jfsd_fx_group` [ RunTime:0.0040s ]
SQL: SELECT * FROM `jfsd_fx_group`  [ RunTime:0.0004s ]
NOTIC: [8] Undefined index: fx_group E:\phpStudy\WWW\yuyingbo\paimai\Application\Runtime\Cache\Admin\ff2b25dd908d55e3702aa9430564bda4.php 第 61 行.
NOTIC: [8] Undefined index: fx_group E:\phpStudy\WWW\yuyingbo\paimai\Application\Runtime\Cache\Admin\ff2b25dd908d55e3702aa9430564bda4.php 第 61 行.
NOTIC: [8] Undefined index: fx_group E:\phpStudy\WWW\yuyingbo\paimai\Application\Runtime\Cache\Admin\ff2b25dd908d55e3702aa9430564bda4.php 第 61 行.
NOTIC: [8] Undefined index: fx_group E:\phpStudy\WWW\yuyingbo\paimai\Application\Runtime\Cache\Admin\ff2b25dd908d55e3702aa9430564bda4.php 第 61 行.
NOTIC: [8] Undefined index: fx_group E:\phpStudy\WWW\yuyingbo\paimai\Application\Runtime\Cache\Admin\ff2b25dd908d55e3702aa9430564bda4.php 第 61 行.
NOTIC: [8] Undefined index: fx_group E:\phpStudy\WWW\yuyingbo\paimai\Application\Runtime\Cache\Admin\ff2b25dd908d55e3702aa9430564bda4.php 第 61 行.
NOTIC: [8] Undefined index: fx_group E:\phpStudy\WWW\yuyingbo\paimai\Application\Runtime\Cache\Admin\ff2b25dd908d55e3702aa9430564bda4.php 第 61 行.
NOTIC: [8] Undefined index: fx_group E:\phpStudy\WWW\yuyingbo\paimai\Application\Runtime\Cache\Admin\ff2b25dd908d55e3702aa9430564bda4.php 第 61 行.
INFO: Run Behavior\ParseTemplateBehavior [ RunTime:0.021893s ]
INFO: [ view_parse ] --END-- [ RunTime:0.021950s ]
INFO: [ view_filter ] --START--
INFO: Run Behavior\WriteHtmlCacheBehavior [ RunTime:0.000294s ]
INFO: [ view_filter ] --END-- [ RunTime:0.000334s ]
INFO: [ app_end ] --START--
INFO: Run Behavior\ShowPageTraceBehavior [ RunTime:0.000459s ]
INFO: [ app_end ] --END-- [ RunTime:0.000506s ]

[ 2016-03-30T17:58:21+08:00 ] 124.202.246.198 /index.php?m=Admin&c=Config&a=index
INFO: [ app_init ] --START--
INFO: Run Behavior\BuildLiteBehavior [ RunTime:0.000020s ]
INFO: [ app_init ] --END-- [ RunTime:0.000621s ]
INFO: [ app_begin ] --START--
INFO: Run Behavior\ReadHtmlCacheBehavior [ RunTime:0.001046s ]
INFO: [ app_begin ] --END-- [ RunTime:0.001108s ]
SQL: SHOW COLUMNS FROM `jfsd_auth_rule` [ RunTime:0.0047s ]
SQL: SELECT `id`,`pid`,`name`,`title`,`type`,`hide`,`status`,`condition`,`sort` FROM `jfsd_auth_rule` WHERE `status` = 1 ORDER BY sort desc, id asc  [ RunTime:0.0012s ]
SQL: SHOW COLUMNS FROM `jfsd_config` [ RunTime:0.0036s ]
SQL: SELECT `id`,`name`,`title`,`extra`,`value`,`remark`,`type` FROM `jfsd_config` WHERE `status` = 1 AND `group` = 1 ORDER BY sort  [ RunTime:0.0006s ]
INFO: [ view_parse ] --START--
INFO: [ template_filter ] --START--
INFO: Run Behavior\ContentReplaceBehavior [ RunTime:0.000079s ]
INFO: [ template_filter ] --END-- [ RunTime:0.000133s ]
INFO: Run Behavior\ParseTemplateBehavior [ RunTime:0.014610s ]
INFO: [ view_parse ] --END-- [ RunTime:0.014679s ]
INFO: [ view_filter ] --START--
INFO: Run Behavior\WriteHtmlCacheBehavior [ RunTime:0.000827s ]
INFO: [ view_filter ] --END-- [ RunTime:0.000921s ]
INFO: [ app_end ] --START--
INFO: Run Behavior\ShowPageTraceBehavior [ RunTime:0.001468s ]
INFO: [ app_end ] --END-- [ RunTime:0.001526s ]

[ 2016-03-30T17:58:22+08:00 ] 124.202.246.198 /index.php?m=Admin&c=Config&a=index
INFO: [ app_init ] --START--
INFO: Run Behavior\BuildLiteBehavior [ RunTime:0.000013s ]
INFO: [ app_init ] --END-- [ RunTime:0.000429s ]
INFO: [ app_begin ] --START--
INFO: Run Behavior\ReadHtmlCacheBehavior [ RunTime:0.000543s ]
INFO: [ app_begin ] --END-- [ RunTime:0.000643s ]
SQL: SHOW COLUMNS FROM `jfsd_auth_rule` [ RunTime:0.0037s ]
SQL: SELECT `id`,`pid`,`name`,`title`,`type`,`hide`,`status`,`condition`,`sort` FROM `jfsd_auth_rule` WHERE `status` = 1 ORDER BY sort desc, id asc  [ RunTime:0.0007s ]
SQL: SHOW COLUMNS FROM `jfsd_config` [ RunTime:0.0028s ]
SQL: SELECT `id`,`name`,`title`,`extra`,`value`,`remark`,`type` FROM `jfsd_config` WHERE `status` = 1 AND `group` = 1 ORDER BY sort  [ RunTime:0.0004s ]
INFO: [ view_parse ] --START--
INFO: [ template_filter ] --START--
INFO: Run Behavior\ContentReplaceBehavior [ RunTime:0.000075s ]
INFO: [ template_filter ] --END-- [ RunTime:0.000129s ]
INFO: Run Behavior\ParseTemplateBehavior [ RunTime:0.013862s ]
INFO: [ view_parse ] --END-- [ RunTime:0.013915s ]
INFO: [ view_filter ] --START--
INFO: Run Behavior\WriteHtmlCacheBehavior [ RunTime:0.000471s ]
INFO: [ view_filter ] --END-- [ RunTime:0.000514s ]
INFO: [ app_end ] --START--
INFO: Run Behavior\ShowPageTraceBehavior [ RunTime:0.000640s ]
INFO: [ app_end ] --END-- [ RunTime:0.000688s ]

[ 2016-03-30T17:58:25+08:00 ] 124.202.246.198 /index.php?m=Admin&c=Config&a=index&id=6
INFO: [ app_init ] --START--
INFO: Run Behavior\BuildLiteBehavior [ RunTime:0.000014s ]
INFO: [ app_init ] --END-- [ RunTime:0.000505s ]
INFO: [ app_begin ] --START--
INFO: Run Behavior\ReadHtmlCacheBehavior [ RunTime:0.000420s ]
INFO: [ app_begin ] --END-- [ RunTime:0.000470s ]
SQL: SHOW COLUMNS FROM `jfsd_auth_rule` [ RunTime:0.0039s ]
SQL: SELECT `id`,`pid`,`name`,`title`,`type`,`hide`,`status`,`condition`,`sort` FROM `jfsd_auth_rule` WHERE `status` = 1 ORDER BY sort desc, id asc  [ RunTime:0.0007s ]
SQL: SHOW COLUMNS FROM `jfsd_config` [ RunTime:0.0025s ]
SQL: SELECT `id`,`name`,`title`,`extra`,`value`,`remark`,`type` FROM `jfsd_config` WHERE `status` = 1 AND `group` = 6 ORDER BY sort  [ RunTime:0.0005s ]
INFO: [ view_parse ] --START--
INFO: [ template_filter ] --START--
INFO: Run Behavior\ContentReplaceBehavior [ RunTime:0.000077s ]
INFO: [ template_filter ] --END-- [ RunTime:0.000133s ]
INFO: Run Behavior\ParseTemplateBehavior [ RunTime:0.014707s ]
INFO: [ view_parse ] --END-- [ RunTime:0.014760s ]
INFO: [ view_filter ] --START--
INFO: Run Behavior\WriteHtmlCacheBehavior [ RunTime:0.000909s ]
INFO: [ view_filter ] --END-- [ RunTime:0.000969s ]
INFO: [ app_end ] --START--
INFO: Run Behavior\ShowPageTraceBehavior [ RunTime:0.000808s ]
INFO: [ app_end ] --END-- [ RunTime:0.000923s ]

